Arguments: 
  /Users/flowmar/.nvm/versions/node/v8.2.1/bin/node /Users/flowmar/.nvm/versions/node/v8.2.1/bin/yarn init

PATH: 
  /usr/local/opt/icu4c/sbin:/usr/local/opt/icu4c/bin:/usr/local/opt/sqlite/bin:/Users/flowmar/.nvm/versions/node/v8.2.1/bin:/usr/local/opt/icu4c/sbin:/usr/local/opt/icu4c/bin:/Users/flowmar/.rbenv/shims:/Users/flowmar/.jenv/shims:/usr/local/bin:/usr/local/sbin:/Users/flowmar/bin:/usr/local/bin:/usr/bin:/bin:/usr/sbin:/sbin:/opt/X11/bin:/Applications/Daylight/Current/Utilities/Tools:/usr/local/share/dotnet:/Library/Frameworks/Mono.framework/Versions/Current/Commands:/Applications/Lynxlet.app/Contents/Resources/lynx/bin:/usr/local/opt/go/libexec/bin:/usr/local/opt/go/libexec/bin:/Users/flowmar/.nvm/versions/node/v8.1.0/bin:/Users/flowmar/.nvm/versions/node/v8.1.0/bin:/usr/local/bin:/usr/local/opt/go/libexec/bin

Yarn version: 
  0.27.5

Node version: 
  8.2.1

Platform: 
  darwin x64

npm manifest: 
  

yarn manifest: 
  No manifest

Lockfile: 
  No lockfile

Trace: 
  SyntaxError: /Users/flowmar/code/src/github.com/flowmar/devGuide/package.json: Unexpected end of JSON input
      at JSON.parse (<anonymous>)
      at /Users/flowmar/.nvm/versions/node/v8.2.1/lib/node_modules/yarn/lib/util/fs.js:554:57
      at Generator.next (<anonymous>)
      at step (/Users/flowmar/.nvm/versions/node/v8.2.1/lib/node_modules/yarn/node_modules/babel-runtime/helpers/asyncToGenerator.js:17:30)
      at /Users/flowmar/.nvm/versions/node/v8.2.1/lib/node_modules/yarn/node_modules/babel-runtime/helpers/asyncToGenerator.js:28:13
      at <anonymous>
